{"/Users/stevensmith/Documents/Repos/three/src/components/Cabinet.tsx": {"path":"/Users/stevensmith/Documents/Repos/three/src/components/Cabinet.tsx","statementMap":{"0":{"start":{"line":23,"column":8},"end":{"line":23,"column":null}},"1":{"start":{"line":24,"column":22},"end":{"line":24,"column":null}},"2":{"start":{"line":25,"column":8},"end":{"line":25,"column":null}},"3":{"start":{"line":26,"column":8},"end":{"line":26,"column":null}},"4":{"start":{"line":27,"column":8},"end":{"line":27,"column":null}},"5":{"start":{"line":29,"column":8},"end":{"line":34,"column":null}},"6":{"start":{"line":31,"column":6},"end":{"line":31,"column":null}},"7":{"start":{"line":31,"column":23},"end":{"line":31,"column":null}},"8":{"start":{"line":32,"column":6},"end":{"line":32,"column":null}},"9":{"start":{"line":37,"column":2},"end":{"line":102,"column":null}},"10":{"start":{"line":38,"column":4},"end":{"line":38,"column":null}},"11":{"start":{"line":38,"column":42},"end":{"line":38,"column":null}},"12":{"start":{"line":40,"column":30},"end":{"line":46,"column":null}},"13":{"start":{"line":41,"column":6},"end":{"line":41,"column":50}},"14":{"start":{"line":41,"column":42},"end":{"line":41,"column":50}},"15":{"start":{"line":42,"column":6},"end":{"line":42,"column":null}},"16":{"start":{"line":42,"column":29},"end":{"line":42,"column":null}},"17":{"start":{"line":43,"column":6},"end":{"line":43,"column":null}},"18":{"start":{"line":44,"column":6},"end":{"line":44,"column":null}},"19":{"start":{"line":45,"column":6},"end":{"line":45,"column":null}},"20":{"start":{"line":48,"column":30},"end":{"line":74,"column":null}},"21":{"start":{"line":49,"column":6},"end":{"line":49,"column":null}},"22":{"start":{"line":49,"column":52},"end":{"line":49,"column":null}},"23":{"start":{"line":52,"column":19},"end":{"line":52,"column":null}},"24":{"start":{"line":53,"column":16},"end":{"line":53,"column":null}},"25":{"start":{"line":54,"column":16},"end":{"line":54,"column":null}},"26":{"start":{"line":57,"column":24},"end":{"line":57,"column":null}},"27":{"start":{"line":58,"column":6},"end":{"line":58,"column":null}},"28":{"start":{"line":61,"column":26},"end":{"line":61,"column":null}},"29":{"start":{"line":62,"column":25},"end":{"line":62,"column":null}},"30":{"start":{"line":63,"column":20},"end":{"line":63,"column":null}},"31":{"start":{"line":66,"column":27},"end":{"line":66,"column":null}},"32":{"start":{"line":67,"column":6},"end":{"line":67,"column":null}},"33":{"start":{"line":69,"column":6},"end":{"line":73,"column":null}},"34":{"start":{"line":70,"column":21},"end":{"line":70,"column":null}},"35":{"start":{"line":71,"column":21},"end":{"line":71,"column":null}},"36":{"start":{"line":72,"column":8},"end":{"line":72,"column":null}},"37":{"start":{"line":76,"column":28},"end":{"line":80,"column":null}},"38":{"start":{"line":77,"column":6},"end":{"line":77,"column":null}},"39":{"start":{"line":78,"column":6},"end":{"line":78,"column":null}},"40":{"start":{"line":79,"column":6},"end":{"line":79,"column":null}},"41":{"start":{"line":82,"column":23},"end":{"line":82,"column":36}},"42":{"start":{"line":83,"column":4},"end":{"line":83,"column":null}},"43":{"start":{"line":84,"column":4},"end":{"line":84,"column":null}},"44":{"start":{"line":85,"column":4},"end":{"line":85,"column":null}},"45":{"start":{"line":86,"column":4},"end":{"line":86,"column":null}},"46":{"start":{"line":88,"column":4},"end":{"line":93,"column":null}},"47":{"start":{"line":89,"column":6},"end":{"line":89,"column":null}},"48":{"start":{"line":90,"column":6},"end":{"line":90,"column":null}},"49":{"start":{"line":91,"column":6},"end":{"line":91,"column":null}},"50":{"start":{"line":92,"column":6},"end":{"line":92,"column":null}},"51":{"start":{"line":115,"column":6},"end":{"line":115,"column":null}},"52":{"start":{"line":117,"column":20},"end":{"line":117,"column":null}},"53":{"start":{"line":125,"column":8},"end":{"line":125,"column":null}},"54":{"start":{"line":126,"column":8},"end":{"line":126,"column":null}},"55":{"start":{"line":127,"column":8},"end":{"line":127,"column":null}},"56":{"start":{"line":130,"column":8},"end":{"line":133,"column":null}},"57":{"start":{"line":131,"column":10},"end":{"line":131,"column":null}},"58":{"start":{"line":132,"column":10},"end":{"line":132,"column":null}},"59":{"start":{"line":156,"column":22},"end":{"line":156,"column":null}},"60":{"start":{"line":157,"column":22},"end":{"line":157,"column":40}}},"fnMap":{"0":{"name":"Cabinet","decl":{"start":{"line":15,"column":16},"end":{"line":15,"column":24}},"loc":{"start":{"line":22,"column":15},"end":{"line":223,"column":null}},"line":22},"1":{"name":"(anonymous_1)","decl":{"start":{"line":30,"column":4},"end":{"line":30,"column":5}},"loc":{"start":{"line":30,"column":5},"end":{"line":33,"column":null}},"line":30},"2":{"name":"(anonymous_2)","decl":{"start":{"line":37,"column":12},"end":{"line":37,"column":null}},"loc":{"start":{"line":37,"column":12},"end":{"line":94,"column":5}},"line":37},"3":{"name":"(anonymous_3)","decl":{"start":{"line":40,"column":30},"end":{"line":40,"column":null}},"loc":{"start":{"line":40,"column":30},"end":{"line":46,"column":null}},"line":40},"4":{"name":"(anonymous_4)","decl":{"start":{"line":48,"column":30},"end":{"line":48,"column":31}},"loc":{"start":{"line":48,"column":31},"end":{"line":74,"column":null}},"line":48},"5":{"name":"(anonymous_5)","decl":{"start":{"line":76,"column":28},"end":{"line":76,"column":null}},"loc":{"start":{"line":76,"column":28},"end":{"line":80,"column":null}},"line":76},"6":{"name":"(anonymous_6)","decl":{"start":{"line":88,"column":11},"end":{"line":88,"column":null}},"loc":{"start":{"line":88,"column":11},"end":{"line":93,"column":null}},"line":88},"7":{"name":"(anonymous_7)","decl":{"start":{"line":124,"column":15},"end":{"line":124,"column":16}},"loc":{"start":{"line":124,"column":16},"end":{"line":128,"column":null}},"line":124},"8":{"name":"(anonymous_8)","decl":{"start":{"line":129,"column":21},"end":{"line":129,"column":22}},"loc":{"start":{"line":129,"column":22},"end":{"line":134,"column":null}},"line":129},"9":{"name":"(anonymous_9)","decl":{"start":{"line":155,"column":49},"end":{"line":155,"column":50}},"loc":{"start":{"line":155,"column":53},"end":{"line":220,"column":null}},"line":155}},"branchMap":{"0":{"loc":{"start":{"line":31,"column":6},"end":{"line":31,"column":null}},"type":"if","locations":[{"start":{"line":31,"column":6},"end":{"line":31,"column":null}},{"start":{},"end":{}}],"line":31},"1":{"loc":{"start":{"line":38,"column":4},"end":{"line":38,"column":null}},"type":"if","locations":[{"start":{"line":38,"column":4},"end":{"line":38,"column":null}},{"start":{},"end":{}}],"line":38},"2":{"loc":{"start":{"line":38,"column":8},"end":{"line":38,"column":42}},"type":"binary-expr","locations":[{"start":{"line":38,"column":8},"end":{"line":38,"column":25}},{"start":{"line":38,"column":29},"end":{"line":38,"column":42}}],"line":38},"3":{"loc":{"start":{"line":41,"column":6},"end":{"line":41,"column":50}},"type":"if","locations":[{"start":{"line":41,"column":6},"end":{"line":41,"column":50}},{"start":{},"end":{}}],"line":41},"4":{"loc":{"start":{"line":42,"column":6},"end":{"line":42,"column":null}},"type":"if","locations":[{"start":{"line":42,"column":6},"end":{"line":42,"column":null}},{"start":{},"end":{}}],"line":42},"5":{"loc":{"start":{"line":49,"column":6},"end":{"line":49,"column":null}},"type":"if","locations":[{"start":{"line":49,"column":6},"end":{"line":49,"column":null}},{"start":{},"end":{}}],"line":49},"6":{"loc":{"start":{"line":49,"column":10},"end":{"line":49,"column":50}},"type":"binary-expr","locations":[{"start":{"line":49,"column":10},"end":{"line":49,"column":29}},{"start":{"line":49,"column":33},"end":{"line":49,"column":50}}],"line":49},"7":{"loc":{"start":{"line":69,"column":6},"end":{"line":73,"column":null}},"type":"if","locations":[{"start":{"line":69,"column":6},"end":{"line":73,"column":null}},{"start":{},"end":{}}],"line":69},"8":{"loc":{"start":{"line":130,"column":8},"end":{"line":133,"column":null}},"type":"if","locations":[{"start":{"line":130,"column":8},"end":{"line":133,"column":null}},{"start":{},"end":{}}],"line":130},"9":{"loc":{"start":{"line":141,"column":21},"end":{"line":141,"column":null}},"type":"binary-expr","locations":[{"start":{"line":141,"column":21},"end":{"line":141,"column":43}},{"start":{"line":141,"column":47},"end":{"line":141,"column":null}}],"line":141},"10":{"loc":{"start":{"line":142,"column":21},"end":{"line":142,"column":null}},"type":"binary-expr","locations":[{"start":{"line":142,"column":21},"end":{"line":142,"column":43}},{"start":{"line":142,"column":47},"end":{"line":142,"column":null}}],"line":142},"11":{"loc":{"start":{"line":166,"column":27},"end":{"line":166,"column":null}},"type":"binary-expr","locations":[{"start":{"line":166,"column":27},"end":{"line":166,"column":49}},{"start":{"line":166,"column":53},"end":{"line":166,"column":null}}],"line":166},"12":{"loc":{"start":{"line":167,"column":27},"end":{"line":167,"column":null}},"type":"binary-expr","locations":[{"start":{"line":167,"column":27},"end":{"line":167,"column":49}},{"start":{"line":167,"column":53},"end":{"line":167,"column":null}}],"line":167}},"s":{"0":0,"1":0,"2":0,"3":0,"4":0,"5":0,"6":0,"7":0,"8":0,"9":0,"10":0,"11":0,"12":0,"13":0,"14":0,"15":0,"16":0,"17":0,"18":0,"19":0,"20":0,"21":0,"22":0,"23":0,"24":0,"25":0,"26":0,"27":0,"28":0,"29":0,"30":0,"31":0,"32":0,"33":0,"34":0,"35":0,"36":0,"37":0,"38":0,"39":0,"40":0,"41":0,"42":0,"43":0,"44":0,"45":0,"46":0,"47":0,"48":0,"49":0,"50":0,"51":0,"52":0,"53":0,"54":0,"55":0,"56":0,"57":0,"58":0,"59":0,"60":0},"f":{"0":0,"1":0,"2":0,"3":0,"4":0,"5":0,"6":0,"7":0,"8":0,"9":0},"b":{"0":[0,0],"1":[0,0],"2":[0,0],"3":[0,0],"4":[0,0],"5":[0,0],"6":[0,0],"7":[0,0],"8":[0,0],"9":[0,0],"10":[0,0],"11":[0,0],"12":[0,0]},"meta":{"lastBranch":13,"lastFunction":10,"lastStatement":61,"seen":{"f:15:16:15:24":0,"s:23:8:23:Infinity":0,"s:24:22:24:Infinity":1,"s:25:8:25:Infinity":2,"s:26:8:26:Infinity":3,"s:27:8:27:Infinity":4,"s:29:8:34:Infinity":5,"f:30:4:30:5":1,"b:31:6:31:Infinity:undefined:undefined:undefined:undefined":0,"s:31:6:31:Infinity":6,"s:31:23:31:Infinity":7,"s:32:6:32:Infinity":8,"s:37:2:102:Infinity":9,"f:37:12:37:Infinity":2,"b:38:4:38:Infinity:undefined:undefined:undefined:undefined":1,"s:38:4:38:Infinity":10,"b:38:8:38:25:38:29:38:42":2,"s:38:42:38:Infinity":11,"s:40:30:46:Infinity":12,"f:40:30:40:Infinity":3,"b:41:6:41:50:undefined:undefined:undefined:undefined":3,"s:41:6:41:50":13,"s:41:42:41:50":14,"b:42:6:42:Infinity:undefined:undefined:undefined:undefined":4,"s:42:6:42:Infinity":15,"s:42:29:42:Infinity":16,"s:43:6:43:Infinity":17,"s:44:6:44:Infinity":18,"s:45:6:45:Infinity":19,"s:48:30:74:Infinity":20,"f:48:30:48:31":4,"b:49:6:49:Infinity:undefined:undefined:undefined:undefined":5,"s:49:6:49:Infinity":21,"b:49:10:49:29:49:33:49:50":6,"s:49:52:49:Infinity":22,"s:52:19:52:Infinity":23,"s:53:16:53:Infinity":24,"s:54:16:54:Infinity":25,"s:57:24:57:Infinity":26,"s:58:6:58:Infinity":27,"s:61:26:61:Infinity":28,"s:62:25:62:Infinity":29,"s:63:20:63:Infinity":30,"s:66:27:66:Infinity":31,"s:67:6:67:Infinity":32,"b:69:6:73:Infinity:undefined:undefined:undefined:undefined":7,"s:69:6:73:Infinity":33,"s:70:21:70:Infinity":34,"s:71:21:71:Infinity":35,"s:72:8:72:Infinity":36,"s:76:28:80:Infinity":37,"f:76:28:76:Infinity":5,"s:77:6:77:Infinity":38,"s:78:6:78:Infinity":39,"s:79:6:79:Infinity":40,"s:82:23:82:36":41,"s:83:4:83:Infinity":42,"s:84:4:84:Infinity":43,"s:85:4:85:Infinity":44,"s:86:4:86:Infinity":45,"s:88:4:93:Infinity":46,"f:88:11:88:Infinity":6,"s:89:6:89:Infinity":47,"s:90:6:90:Infinity":48,"s:91:6:91:Infinity":49,"s:92:6:92:Infinity":50,"s:115:6:115:Infinity":51,"s:117:20:117:Infinity":52,"f:124:15:124:16":7,"s:125:8:125:Infinity":53,"s:126:8:126:Infinity":54,"s:127:8:127:Infinity":55,"f:129:21:129:22":8,"b:130:8:133:Infinity:undefined:undefined:undefined:undefined":8,"s:130:8:133:Infinity":56,"s:131:10:131:Infinity":57,"s:132:10:132:Infinity":58,"b:141:21:141:43:141:47:141:Infinity":9,"b:142:21:142:43:142:47:142:Infinity":10,"f:155:49:155:50":9,"s:156:22:156:Infinity":59,"s:157:22:157:40":60,"b:166:27:166:49:166:53:166:Infinity":11,"b:167:27:167:49:167:53:167:Infinity":12}}}
}
